[0.000000] (-) TimerEvent: {}
[0.003719] (Lab1) JobQueued: {'identifier': 'Lab1', 'dependencies': OrderedDict()}
[0.004059] (Lab1) JobStarted: {'identifier': 'Lab1'}
[0.013728] (Lab1) JobProgress: {'identifier': 'Lab1', 'progress': 'cmake'}
[0.014340] (Lab1) Command: {'cmd': ['/usr/bin/cmake', '/home/student/ros2_ws/src/robo1/Lab1', '-DCMAKE_INSTALL_PREFIX=/home/student/ros2_ws/src/robo1/Lab1/install/Lab1'], 'cwd': '/home/student/ros2_ws/src/robo1/Lab1/build/Lab1', 'env': OrderedDict([('GJS_DEBUG_TOPICS', 'JS ERROR;JS LOG'), ('LESSOPEN', '| /usr/bin/lesspipe %s'), ('USER', 'student'), ('SSH_AGENT_PID', '1877'), ('XDG_SESSION_TYPE', 'x11'), ('SHLVL', '1'), ('LD_LIBRARY_PATH', '/home/student/ros2_ws/install/turtlesim/lib:/home/student/ros2_ws/install/turtlebot3_msgs/lib:/home/student/ros2_ws/install/dynamixel_sdk_custom_interfaces/lib:/home/student/ros2_ws/install/dynamixel_sdk/lib:/usr/lib/x86_64-linux-gnu/gazebo-11/plugins:/opt/ros/humble/opt/rviz_ogre_vendor/lib:/opt/ros/humble/lib/x86_64-linux-gnu:/opt/ros/humble/lib:/usr/lib/x86_64-linux-gnu/gazebo-11/plugins::/usr/lib/x86_64-linux-gnu/gazebo-11/plugins:/usr/lib/x86_64-linux-gnu/gazebo-11/plugins:'), ('HOME', '/home/student'), ('OLDPWD', '/home/student/ros2_ws/src/robo1'), ('GIO_LAUNCHED_DESKTOP_FILE', '/usr/share/applications/terminator.desktop'), ('GAZEBO_MASTER_URI', 'http://localhost:11345'), ('ROS_PYTHON_VERSION', '3'), ('GNOME_SHELL_SESSION_MODE', 'ubuntu'), ('GTK_MODULES', 'gail:atk-bridge'), ('MANAGERPID', '1781'), ('SYSTEMD_EXEC_PID', '1989'), ('XRDP_PULSE_SOURCE_SOCKET', 'xrdp_chansrv_audio_in_socket_10'), ('XRDP_PULSE_SINK_SOCKET', 'xrdp_chansrv_audio_out_socket_10'), ('DBUS_SESSION_BUS_ADDRESS', 'unix:path=/run/user/1000/bus'), ('COLORTERM', 'truecolor'), ('TERMINATOR_DBUS_NAME', 'net.tenshu.Terminator2bcb3aa092f2b6032576f3fd56ad9afe9'), ('GIO_LAUNCHED_DESKTOP_FILE_PID', '23165'), ('PULSE_SCRIPT', '/etc/xrdp/pulse/default.pa'), ('COLCON_PREFIX_PATH', '/home/student/ros2_ws/install'), ('ROS_DISTRO', 'humble'), ('GTK_IM_MODULE', 'ibus'), ('LOGNAME', 'student'), ('JOURNAL_STREAM', '8:24528'), ('_', '/usr/bin/colcon'), ('ROS_VERSION', '2'), ('XDG_SESSION_CLASS', 'user'), ('TERM', 'xterm-256color'), ('GAZEBO_MODEL_PATH', '/usr/share/gazebo-11/models:/usr/share/gazebo-11/models:'), ('GNOME_DESKTOP_SESSION_ID', 'this-is-deprecated'), ('ROS_LOCALHOST_ONLY', '0'), ('OGRE_RESOURCE_PATH', '/usr/lib/x86_64-linux-gnu/OGRE-1.9.0'), ('PATH', '/opt/ros/humble/bin:/usr/local/sbin:/usr/local/bin:/usr/sbin:/usr/bin:/sbin:/bin:/usr/games:/usr/local/games:/snap/bin'), ('SESSION_MANAGER', 'local/labMGJSX0:@/tmp/.ICE-unix/1966,unix/labMGJSX0:/tmp/.ICE-unix/1966'), ('INVOCATION_ID', '4ef6dcbede144003925e4089102ea553'), ('XDG_MENU_PREFIX', 'gnome-'), ('XRDP_SOCKET_PATH', '/run/xrdp/sockdir'), ('XDG_RUNTIME_DIR', '/run/user/1000'), ('DISPLAY', ':10.0'), ('TERMINATOR_DBUS_PATH', '/net/tenshu/Terminator2'), ('LANG', 'en_US.UTF-8'), ('XDG_CURRENT_DESKTOP', 'ubuntu:GNOME'), ('IBUS_DISABLE_SNOOPER', '1'), ('XMODIFIERS', '@im=ibus'), ('LS_COLORS', 'rs=0:di=01;34:ln=01;36:mh=00:pi=40;33:so=01;35:do=01;35:bd=40;33;01:cd=40;33;01:or=40;31;01:mi=00:su=37;41:sg=30;43:ca=30;41:tw=30;42:ow=34;42:st=37;44:ex=01;32:*.tar=01;31:*.tgz=01;31:*.arc=01;31:*.arj=01;31:*.taz=01;31:*.lha=01;31:*.lz4=01;31:*.lzh=01;31:*.lzma=01;31:*.tlz=01;31:*.txz=01;31:*.tzo=01;31:*.t7z=01;31:*.zip=01;31:*.z=01;31:*.dz=01;31:*.gz=01;31:*.lrz=01;31:*.lz=01;31:*.lzo=01;31:*.xz=01;31:*.zst=01;31:*.tzst=01;31:*.bz2=01;31:*.bz=01;31:*.tbz=01;31:*.tbz2=01;31:*.tz=01;31:*.deb=01;31:*.rpm=01;31:*.jar=01;31:*.war=01;31:*.ear=01;31:*.sar=01;31:*.rar=01;31:*.alz=01;31:*.ace=01;31:*.zoo=01;31:*.cpio=01;31:*.7z=01;31:*.rz=01;31:*.cab=01;31:*.wim=01;31:*.swm=01;31:*.dwm=01;31:*.esd=01;31:*.jpg=01;35:*.jpeg=01;35:*.mjpg=01;35:*.mjpeg=01;35:*.gif=01;35:*.bmp=01;35:*.pbm=01;35:*.pgm=01;35:*.ppm=01;35:*.tga=01;35:*.xbm=01;35:*.xpm=01;35:*.tif=01;35:*.tiff=01;35:*.png=01;35:*.svg=01;35:*.svgz=01;35:*.mng=01;35:*.pcx=01;35:*.mov=01;35:*.mpg=01;35:*.mpeg=01;35:*.m2v=01;35:*.mkv=01;35:*.webm=01;35:*.webp=01;35:*.ogm=01;35:*.mp4=01;35:*.m4v=01;35:*.mp4v=01;35:*.vob=01;35:*.qt=01;35:*.nuv=01;35:*.wmv=01;35:*.asf=01;35:*.rm=01;35:*.rmvb=01;35:*.flc=01;35:*.avi=01;35:*.fli=01;35:*.flv=01;35:*.gl=01;35:*.dl=01;35:*.xcf=01;35:*.xwd=01;35:*.yuv=01;35:*.cgm=01;35:*.emf=01;35:*.ogv=01;35:*.ogx=01;35:*.aac=00;36:*.au=00;36:*.flac=00;36:*.m4a=00;36:*.mid=00;36:*.midi=00;36:*.mka=00;36:*.mp3=00;36:*.mpc=00;36:*.ogg=00;36:*.ra=00;36:*.wav=00;36:*.oga=00;36:*.opus=00;36:*.spx=00;36:*.xspf=00;36:'), ('SSH_AUTH_SOCK', '/run/user/1000/keyring/ssh'), ('ROS_DOMAIN_ID', '30'), ('AMENT_PREFIX_PATH', '/home/student/ros2_ws/install/turtlesim:/home/student/ros2_ws/install/turtlebot3:/home/student/ros2_ws/install/turtlebot3_teleop:/home/student/ros2_ws/install/turtlebot3_simulations:/home/student/ros2_ws/install/turtlebot3_bringup:/home/student/ros2_ws/install/turtlebot3_node:/home/student/ros2_ws/install/turtlebot3_navigation2:/home/student/ros2_ws/install/turtlebot3_fake_node:/home/student/ros2_ws/install/turtlebot3_example:/home/student/ros2_ws/install/turtlebot3_msgs:/home/student/ros2_ws/install/turtlebot3_gazebo:/home/student/ros2_ws/install/turtlebot3_description:/home/student/ros2_ws/install/turtlebot3_cartographer:/home/student/ros2_ws/install/dynamixel_sdk_examples:/home/student/ros2_ws/install/dynamixel_sdk_custom_interfaces:/home/student/ros2_ws/install/dynamixel_sdk:/opt/ros/humble'), ('UID', '1000'), ('SHELL', '/bin/bash'), ('TERMINATOR_UUID', 'urn:uuid:e604e86b-4c40-4cf2-a16d-0196736187b5'), ('QT_ACCESSIBILITY', '1'), ('LESSCLOSE', '/usr/bin/lesspipe %s %s'), ('XRDP_SESSION', '1'), ('GPG_AGENT_INFO', '/run/user/1000/gnupg/S.gpg-agent:0:1'), ('GAZEBO_RESOURCE_PATH', '/usr/share/gazebo-11:/usr/share/gazebo-11/'), ('GJS_DEBUG_OUTPUT', 'stderr'), ('GAZEBO_MODEL_DATABASE_URI', 'http://models.gazebosim.org'), ('QT_IM_MODULE', 'ibus'), ('PWD', '/home/student/ros2_ws/src/robo1/Lab1/build/Lab1'), ('LC_ALL', 'en_US.UTF-8'), ('GAZEBO_PLUGIN_PATH', '/usr/lib/x86_64-linux-gnu/gazebo-11/plugins:/usr/lib/x86_64-linux-gnu/gazebo-11/plugins:'), ('XDG_DATA_DIRS', '/usr/share/gnome:/usr/share/ubuntu:/usr/local/share/:/usr/share/:/var/lib/snapd/desktop'), ('PYTHONPATH', '/home/student/ros2_ws/install/turtlesim/local/lib/python3.10/dist-packages:/home/student/ros2_ws/build/turtlebot3_teleop:/home/student/ros2_ws/install/turtlebot3_teleop/lib/python3.10/site-packages:/home/student/ros2_ws/build/turtlebot3_example:/home/student/ros2_ws/install/turtlebot3_example/lib/python3.10/site-packages:/home/student/ros2_ws/install/turtlebot3_msgs/local/lib/python3.10/dist-packages:/home/student/ros2_ws/install/dynamixel_sdk_custom_interfaces/local/lib/python3.10/dist-packages:/opt/ros/humble/lib/python3.10/site-packages:/opt/ros/humble/local/lib/python3.10/dist-packages'), ('SGX_AESM_ADDR', '1'), ('COLCON', '1'), ('VTE_VERSION', '6800'), ('CMAKE_PREFIX_PATH', '/home/student/ros2_ws/install/turtlesim:/home/student/ros2_ws/install/turtlebot3:/home/student/ros2_ws/install/turtlebot3_simulations:/home/student/ros2_ws/install/turtlebot3_bringup:/home/student/ros2_ws/install/turtlebot3_node:/home/student/ros2_ws/install/turtlebot3_navigation2:/home/student/ros2_ws/install/turtlebot3_fake_node:/home/student/ros2_ws/install/turtlebot3_msgs:/home/student/ros2_ws/install/turtlebot3_gazebo:/home/student/ros2_ws/install/turtlebot3_description:/home/student/ros2_ws/install/turtlebot3_cartographer:/home/student/ros2_ws/install/dynamixel_sdk_examples:/home/student/ros2_ws/install/dynamixel_sdk_custom_interfaces:/home/student/ros2_ws/install/dynamixel_sdk:/home/student/ros2_ws/install/turtlebot3_teleop:/home/student/ros2_ws/install/turtlebot3_example:/opt/ros/humble')]), 'shell': False}
[0.098177] (-) TimerEvent: {}
[0.118363] (Lab1) StdoutLine: {'line': b'-- The C compiler identification is GNU 11.4.0\n'}
[0.198317] (-) TimerEvent: {}
[0.225699] (Lab1) StdoutLine: {'line': b'-- The CXX compiler identification is GNU 11.4.0\n'}
[0.240640] (Lab1) StdoutLine: {'line': b'-- Detecting C compiler ABI info\n'}
[0.298466] (-) TimerEvent: {}
[0.399296] (-) TimerEvent: {}
[0.443220] (Lab1) StdoutLine: {'line': b'-- Detecting C compiler ABI info - done\n'}
[0.455673] (Lab1) StdoutLine: {'line': b'-- Check for working C compiler: /usr/bin/cc - skipped\n'}
[0.456563] (Lab1) StdoutLine: {'line': b'-- Detecting C compile features\n'}
[0.457570] (Lab1) StdoutLine: {'line': b'-- Detecting C compile features - done\n'}
[0.464234] (Lab1) StdoutLine: {'line': b'-- Detecting CXX compiler ABI info\n'}
[0.499426] (-) TimerEvent: {}
[0.600027] (-) TimerEvent: {}
[0.611180] (Lab1) StdoutLine: {'line': b'-- Detecting CXX compiler ABI info - done\n'}
[0.619945] (Lab1) StdoutLine: {'line': b'-- Check for working CXX compiler: /usr/bin/c++ - skipped\n'}
[0.620297] (Lab1) StdoutLine: {'line': b'-- Detecting CXX compile features\n'}
[0.620678] (Lab1) StdoutLine: {'line': b'-- Detecting CXX compile features - done\n'}
[0.626213] (Lab1) StdoutLine: {'line': b'-- Found ament_cmake: 1.3.9 (/opt/ros/humble/share/ament_cmake/cmake)\n'}
[0.700177] (-) TimerEvent: {}
[0.801178] (-) TimerEvent: {}
[0.888893] (Lab1) StdoutLine: {'line': b'-- Found Python3: /usr/bin/python3 (found version "3.10.12") found components: Interpreter \n'}
[0.901307] (-) TimerEvent: {}
[1.001730] (-) TimerEvent: {}
[1.057716] (Lab1) StdoutLine: {'line': b'-- Found rclcpp: 16.0.9 (/opt/ros/humble/share/rclcpp/cmake)\n'}
[1.101912] (-) TimerEvent: {}
[1.142161] (Lab1) StdoutLine: {'line': b'-- Found rosidl_generator_c: 3.1.5 (/opt/ros/humble/share/rosidl_generator_c/cmake)\n'}
[1.151454] (Lab1) StdoutLine: {'line': b'-- Found rosidl_adapter: 3.1.5 (/opt/ros/humble/share/rosidl_adapter/cmake)\n'}
[1.169090] (Lab1) StdoutLine: {'line': b'-- Found rosidl_generator_cpp: 3.1.5 (/opt/ros/humble/share/rosidl_generator_cpp/cmake)\n'}
[1.190409] (Lab1) StdoutLine: {'line': b'-- Using all available rosidl_typesupport_c: rosidl_typesupport_fastrtps_c;rosidl_typesupport_introspection_c\n'}
[1.202038] (-) TimerEvent: {}
[1.226762] (Lab1) StdoutLine: {'line': b'-- Using all available rosidl_typesupport_cpp: rosidl_typesupport_fastrtps_cpp;rosidl_typesupport_introspection_cpp\n'}
[1.304621] (-) TimerEvent: {}
[1.359121] (Lab1) StdoutLine: {'line': b'-- Found rmw_implementation_cmake: 6.1.2 (/opt/ros/humble/share/rmw_implementation_cmake/cmake)\n'}
[1.365896] (Lab1) StdoutLine: {'line': b'-- Found rmw_fastrtps_cpp: 6.2.6 (/opt/ros/humble/share/rmw_fastrtps_cpp/cmake)\n'}
[1.404782] (-) TimerEvent: {}
[1.505246] (-) TimerEvent: {}
[1.532164] (Lab1) StdoutLine: {'line': b'-- Found OpenSSL: /usr/lib/x86_64-linux-gnu/libcrypto.so (found version "3.0.2")  \n'}
[1.581820] (Lab1) StdoutLine: {'line': b'-- Found FastRTPS: /opt/ros/humble/include  \n'}
[1.605409] (-) TimerEvent: {}
[1.652377] (Lab1) StdoutLine: {'line': b"-- Using RMW implementation 'rmw_fastrtps_cpp' as default\n"}
[1.672938] (Lab1) StdoutLine: {'line': b'-- Looking for pthread.h\n'}
[1.705528] (-) TimerEvent: {}
[1.803166] (Lab1) StdoutLine: {'line': b'-- Looking for pthread.h - found\n'}
[1.803829] (Lab1) StdoutLine: {'line': b'-- Performing Test CMAKE_HAVE_LIBC_PTHREAD\n'}
[1.805607] (-) TimerEvent: {}
[1.905967] (-) TimerEvent: {}
[1.920946] (Lab1) StdoutLine: {'line': b'-- Performing Test CMAKE_HAVE_LIBC_PTHREAD - Success\n'}
[1.922891] (Lab1) StdoutLine: {'line': b'-- Found Threads: TRUE  \n'}
[2.006111] (-) TimerEvent: {}
[2.106702] (-) TimerEvent: {}
[2.167468] (Lab1) StdoutLine: {'line': b'-- Found sensor_msgs: 4.2.4 (/opt/ros/humble/share/sensor_msgs/cmake)\n'}
[2.206836] (-) TimerEvent: {}
[2.307272] (-) TimerEvent: {}
[2.378993] (Lab1) StdoutLine: {'line': b'-- Found cv_bridge: 3.2.1 (/opt/ros/humble/share/cv_bridge/cmake)\n'}
[2.407425] (-) TimerEvent: {}
[2.409134] (Lab1) StdoutLine: {'line': b'-- Found image_transport: 3.1.9 (/opt/ros/humble/share/image_transport/cmake)\n'}
[2.502667] (Lab1) StdoutLine: {'line': b'-- Found OpenCV: /usr (found version "4.5.4") \n'}
[2.507520] (-) TimerEvent: {}
[2.601089] (Lab1) StderrLine: {'line': b'WARNING: Package name "Lab1" does not follow the naming conventions. It should start with a lower case letter and only contain lower case letters, digits, underscores, and dashes.\n'}
[2.607641] (-) TimerEvent: {}
[2.624918] (Lab1) StdoutLine: {'line': b'-- Configuring done\n'}
[2.643048] (Lab1) StdoutLine: {'line': b'-- Generating done\n'}
[2.646853] (Lab1) StdoutLine: {'line': b'-- Build files have been written to: /home/student/ros2_ws/src/robo1/Lab1/build/Lab1\n'}
[2.666776] (Lab1) CommandEnded: {'returncode': 0}
[2.668052] (Lab1) JobProgress: {'identifier': 'Lab1', 'progress': 'build'}
[2.673337] (Lab1) Command: {'cmd': ['/usr/bin/cmake', '--build', '/home/student/ros2_ws/src/robo1/Lab1/build/Lab1', '--', '-j8', '-l8'], 'cwd': '/home/student/ros2_ws/src/robo1/Lab1/build/Lab1', 'env': OrderedDict([('GJS_DEBUG_TOPICS', 'JS ERROR;JS LOG'), ('LESSOPEN', '| /usr/bin/lesspipe %s'), ('USER', 'student'), ('SSH_AGENT_PID', '1877'), ('XDG_SESSION_TYPE', 'x11'), ('SHLVL', '1'), ('LD_LIBRARY_PATH', '/home/student/ros2_ws/install/turtlesim/lib:/home/student/ros2_ws/install/turtlebot3_msgs/lib:/home/student/ros2_ws/install/dynamixel_sdk_custom_interfaces/lib:/home/student/ros2_ws/install/dynamixel_sdk/lib:/usr/lib/x86_64-linux-gnu/gazebo-11/plugins:/opt/ros/humble/opt/rviz_ogre_vendor/lib:/opt/ros/humble/lib/x86_64-linux-gnu:/opt/ros/humble/lib:/usr/lib/x86_64-linux-gnu/gazebo-11/plugins::/usr/lib/x86_64-linux-gnu/gazebo-11/plugins:/usr/lib/x86_64-linux-gnu/gazebo-11/plugins:'), ('HOME', '/home/student'), ('OLDPWD', '/home/student/ros2_ws/src/robo1'), ('GIO_LAUNCHED_DESKTOP_FILE', '/usr/share/applications/terminator.desktop'), ('GAZEBO_MASTER_URI', 'http://localhost:11345'), ('ROS_PYTHON_VERSION', '3'), ('GNOME_SHELL_SESSION_MODE', 'ubuntu'), ('GTK_MODULES', 'gail:atk-bridge'), ('MANAGERPID', '1781'), ('SYSTEMD_EXEC_PID', '1989'), ('XRDP_PULSE_SOURCE_SOCKET', 'xrdp_chansrv_audio_in_socket_10'), ('XRDP_PULSE_SINK_SOCKET', 'xrdp_chansrv_audio_out_socket_10'), ('DBUS_SESSION_BUS_ADDRESS', 'unix:path=/run/user/1000/bus'), ('COLORTERM', 'truecolor'), ('TERMINATOR_DBUS_NAME', 'net.tenshu.Terminator2bcb3aa092f2b6032576f3fd56ad9afe9'), ('GIO_LAUNCHED_DESKTOP_FILE_PID', '23165'), ('PULSE_SCRIPT', '/etc/xrdp/pulse/default.pa'), ('COLCON_PREFIX_PATH', '/home/student/ros2_ws/install'), ('ROS_DISTRO', 'humble'), ('GTK_IM_MODULE', 'ibus'), ('LOGNAME', 'student'), ('JOURNAL_STREAM', '8:24528'), ('_', '/usr/bin/colcon'), ('ROS_VERSION', '2'), ('XDG_SESSION_CLASS', 'user'), ('TERM', 'xterm-256color'), ('GAZEBO_MODEL_PATH', '/usr/share/gazebo-11/models:/usr/share/gazebo-11/models:'), ('GNOME_DESKTOP_SESSION_ID', 'this-is-deprecated'), ('ROS_LOCALHOST_ONLY', '0'), ('OGRE_RESOURCE_PATH', '/usr/lib/x86_64-linux-gnu/OGRE-1.9.0'), ('PATH', '/opt/ros/humble/bin:/usr/local/sbin:/usr/local/bin:/usr/sbin:/usr/bin:/sbin:/bin:/usr/games:/usr/local/games:/snap/bin'), ('SESSION_MANAGER', 'local/labMGJSX0:@/tmp/.ICE-unix/1966,unix/labMGJSX0:/tmp/.ICE-unix/1966'), ('INVOCATION_ID', '4ef6dcbede144003925e4089102ea553'), ('XDG_MENU_PREFIX', 'gnome-'), ('XRDP_SOCKET_PATH', '/run/xrdp/sockdir'), ('XDG_RUNTIME_DIR', '/run/user/1000'), ('DISPLAY', ':10.0'), ('TERMINATOR_DBUS_PATH', '/net/tenshu/Terminator2'), ('LANG', 'en_US.UTF-8'), ('XDG_CURRENT_DESKTOP', 'ubuntu:GNOME'), ('IBUS_DISABLE_SNOOPER', '1'), ('XMODIFIERS', '@im=ibus'), ('LS_COLORS', 'rs=0:di=01;34:ln=01;36:mh=00:pi=40;33:so=01;35:do=01;35:bd=40;33;01:cd=40;33;01:or=40;31;01:mi=00:su=37;41:sg=30;43:ca=30;41:tw=30;42:ow=34;42:st=37;44:ex=01;32:*.tar=01;31:*.tgz=01;31:*.arc=01;31:*.arj=01;31:*.taz=01;31:*.lha=01;31:*.lz4=01;31:*.lzh=01;31:*.lzma=01;31:*.tlz=01;31:*.txz=01;31:*.tzo=01;31:*.t7z=01;31:*.zip=01;31:*.z=01;31:*.dz=01;31:*.gz=01;31:*.lrz=01;31:*.lz=01;31:*.lzo=01;31:*.xz=01;31:*.zst=01;31:*.tzst=01;31:*.bz2=01;31:*.bz=01;31:*.tbz=01;31:*.tbz2=01;31:*.tz=01;31:*.deb=01;31:*.rpm=01;31:*.jar=01;31:*.war=01;31:*.ear=01;31:*.sar=01;31:*.rar=01;31:*.alz=01;31:*.ace=01;31:*.zoo=01;31:*.cpio=01;31:*.7z=01;31:*.rz=01;31:*.cab=01;31:*.wim=01;31:*.swm=01;31:*.dwm=01;31:*.esd=01;31:*.jpg=01;35:*.jpeg=01;35:*.mjpg=01;35:*.mjpeg=01;35:*.gif=01;35:*.bmp=01;35:*.pbm=01;35:*.pgm=01;35:*.ppm=01;35:*.tga=01;35:*.xbm=01;35:*.xpm=01;35:*.tif=01;35:*.tiff=01;35:*.png=01;35:*.svg=01;35:*.svgz=01;35:*.mng=01;35:*.pcx=01;35:*.mov=01;35:*.mpg=01;35:*.mpeg=01;35:*.m2v=01;35:*.mkv=01;35:*.webm=01;35:*.webp=01;35:*.ogm=01;35:*.mp4=01;35:*.m4v=01;35:*.mp4v=01;35:*.vob=01;35:*.qt=01;35:*.nuv=01;35:*.wmv=01;35:*.asf=01;35:*.rm=01;35:*.rmvb=01;35:*.flc=01;35:*.avi=01;35:*.fli=01;35:*.flv=01;35:*.gl=01;35:*.dl=01;35:*.xcf=01;35:*.xwd=01;35:*.yuv=01;35:*.cgm=01;35:*.emf=01;35:*.ogv=01;35:*.ogx=01;35:*.aac=00;36:*.au=00;36:*.flac=00;36:*.m4a=00;36:*.mid=00;36:*.midi=00;36:*.mka=00;36:*.mp3=00;36:*.mpc=00;36:*.ogg=00;36:*.ra=00;36:*.wav=00;36:*.oga=00;36:*.opus=00;36:*.spx=00;36:*.xspf=00;36:'), ('SSH_AUTH_SOCK', '/run/user/1000/keyring/ssh'), ('ROS_DOMAIN_ID', '30'), ('AMENT_PREFIX_PATH', '/home/student/ros2_ws/install/turtlesim:/home/student/ros2_ws/install/turtlebot3:/home/student/ros2_ws/install/turtlebot3_teleop:/home/student/ros2_ws/install/turtlebot3_simulations:/home/student/ros2_ws/install/turtlebot3_bringup:/home/student/ros2_ws/install/turtlebot3_node:/home/student/ros2_ws/install/turtlebot3_navigation2:/home/student/ros2_ws/install/turtlebot3_fake_node:/home/student/ros2_ws/install/turtlebot3_example:/home/student/ros2_ws/install/turtlebot3_msgs:/home/student/ros2_ws/install/turtlebot3_gazebo:/home/student/ros2_ws/install/turtlebot3_description:/home/student/ros2_ws/install/turtlebot3_cartographer:/home/student/ros2_ws/install/dynamixel_sdk_examples:/home/student/ros2_ws/install/dynamixel_sdk_custom_interfaces:/home/student/ros2_ws/install/dynamixel_sdk:/opt/ros/humble'), ('UID', '1000'), ('SHELL', '/bin/bash'), ('TERMINATOR_UUID', 'urn:uuid:e604e86b-4c40-4cf2-a16d-0196736187b5'), ('QT_ACCESSIBILITY', '1'), ('LESSCLOSE', '/usr/bin/lesspipe %s %s'), ('XRDP_SESSION', '1'), ('GPG_AGENT_INFO', '/run/user/1000/gnupg/S.gpg-agent:0:1'), ('GAZEBO_RESOURCE_PATH', '/usr/share/gazebo-11:/usr/share/gazebo-11/'), ('GJS_DEBUG_OUTPUT', 'stderr'), ('GAZEBO_MODEL_DATABASE_URI', 'http://models.gazebosim.org'), ('QT_IM_MODULE', 'ibus'), ('PWD', '/home/student/ros2_ws/src/robo1/Lab1/build/Lab1'), ('LC_ALL', 'en_US.UTF-8'), ('GAZEBO_PLUGIN_PATH', '/usr/lib/x86_64-linux-gnu/gazebo-11/plugins:/usr/lib/x86_64-linux-gnu/gazebo-11/plugins:'), ('XDG_DATA_DIRS', '/usr/share/gnome:/usr/share/ubuntu:/usr/local/share/:/usr/share/:/var/lib/snapd/desktop'), ('PYTHONPATH', '/home/student/ros2_ws/install/turtlesim/local/lib/python3.10/dist-packages:/home/student/ros2_ws/build/turtlebot3_teleop:/home/student/ros2_ws/install/turtlebot3_teleop/lib/python3.10/site-packages:/home/student/ros2_ws/build/turtlebot3_example:/home/student/ros2_ws/install/turtlebot3_example/lib/python3.10/site-packages:/home/student/ros2_ws/install/turtlebot3_msgs/local/lib/python3.10/dist-packages:/home/student/ros2_ws/install/dynamixel_sdk_custom_interfaces/local/lib/python3.10/dist-packages:/opt/ros/humble/lib/python3.10/site-packages:/opt/ros/humble/local/lib/python3.10/dist-packages'), ('SGX_AESM_ADDR', '1'), ('COLCON', '1'), ('VTE_VERSION', '6800'), ('CMAKE_PREFIX_PATH', '/home/student/ros2_ws/install/turtlesim:/home/student/ros2_ws/install/turtlebot3:/home/student/ros2_ws/install/turtlebot3_simulations:/home/student/ros2_ws/install/turtlebot3_bringup:/home/student/ros2_ws/install/turtlebot3_node:/home/student/ros2_ws/install/turtlebot3_navigation2:/home/student/ros2_ws/install/turtlebot3_fake_node:/home/student/ros2_ws/install/turtlebot3_msgs:/home/student/ros2_ws/install/turtlebot3_gazebo:/home/student/ros2_ws/install/turtlebot3_description:/home/student/ros2_ws/install/turtlebot3_cartographer:/home/student/ros2_ws/install/dynamixel_sdk_examples:/home/student/ros2_ws/install/dynamixel_sdk_custom_interfaces:/home/student/ros2_ws/install/dynamixel_sdk:/home/student/ros2_ws/install/turtlebot3_teleop:/home/student/ros2_ws/install/turtlebot3_example:/opt/ros/humble')]), 'shell': False}
[2.707818] (-) TimerEvent: {}
[2.754297] (Lab1) StdoutLine: {'line': b'[ 50%] \x1b[32mBuilding CXX object CMakeFiles/image_processor.dir/src/lab.cpp.o\x1b[0m\n'}
[2.807942] (-) TimerEvent: {}
[2.908325] (-) TimerEvent: {}
[3.008720] (-) TimerEvent: {}
[3.109174] (-) TimerEvent: {}
[3.217490] (-) TimerEvent: {}
[3.317963] (-) TimerEvent: {}
[3.418454] (-) TimerEvent: {}
[3.518877] (-) TimerEvent: {}
[3.619256] (-) TimerEvent: {}
[3.719670] (-) TimerEvent: {}
[3.820075] (-) TimerEvent: {}
[3.920540] (-) TimerEvent: {}
[4.020979] (-) TimerEvent: {}
[4.121394] (-) TimerEvent: {}
[4.222012] (-) TimerEvent: {}
[4.322557] (-) TimerEvent: {}
[4.423039] (-) TimerEvent: {}
[4.523864] (-) TimerEvent: {}
[4.625328] (-) TimerEvent: {}
[4.725908] (-) TimerEvent: {}
[4.826546] (-) TimerEvent: {}
[4.926999] (-) TimerEvent: {}
[5.027487] (-) TimerEvent: {}
[5.127920] (-) TimerEvent: {}
[5.228385] (-) TimerEvent: {}
[5.328802] (-) TimerEvent: {}
[5.429235] (-) TimerEvent: {}
[5.529751] (-) TimerEvent: {}
[5.630252] (-) TimerEvent: {}
[5.731006] (-) TimerEvent: {}
[5.831584] (-) TimerEvent: {}
[5.932211] (-) TimerEvent: {}
[6.032694] (-) TimerEvent: {}
[6.134998] (-) TimerEvent: {}
[6.235417] (-) TimerEvent: {}
[6.335965] (-) TimerEvent: {}
[6.436439] (-) TimerEvent: {}
[6.536925] (-) TimerEvent: {}
[6.637654] (-) TimerEvent: {}
[6.738129] (-) TimerEvent: {}
[6.838545] (-) TimerEvent: {}
[6.938997] (-) TimerEvent: {}
[7.039575] (-) TimerEvent: {}
[7.140159] (-) TimerEvent: {}
[7.240605] (-) TimerEvent: {}
[7.341170] (-) TimerEvent: {}
[7.441620] (-) TimerEvent: {}
[7.542083] (-) TimerEvent: {}
[7.599955] (Lab1) StderrLine: {'line': b'\x1b[01m\x1b[K/home/student/ros2_ws/src/robo1/Lab1/src/lab.cpp:44:26:\x1b[m\x1b[K \x1b[01;31m\x1b[Kerror: \x1b[m\x1b[K\xe2\x80\x98\x1b[01m\x1b[Kseonsor_msgs\x1b[m\x1b[K\xe2\x80\x99 was not declared in this scope; did you mean \xe2\x80\x98\x1b[01m\x1b[Ksensor_msgs\x1b[m\x1b[K\xe2\x80\x99?\n'}
[7.600713] (Lab1) StderrLine: {'line': b'   44 |     rclcpp::Subscription<\x1b[01;31m\x1b[Kseonsor_msgs\x1b[m\x1b[K::msg::Image>::SharedPtr image_subscriber_;\n'}
[7.600967] (Lab1) StderrLine: {'line': b'      |                          \x1b[01;31m\x1b[K^~~~~~~~~~~~\x1b[m\x1b[K\n'}
[7.601163] (Lab1) StderrLine: {'line': b'      |                          \x1b[32m\x1b[Ksensor_msgs\x1b[m\x1b[K\n'}
[7.601478] (Lab1) StderrLine: {'line': b'\x1b[01m\x1b[K/home/student/ros2_ws/src/robo1/Lab1/src/lab.cpp:44:50:\x1b[m\x1b[K \x1b[01;31m\x1b[Kerror: \x1b[m\x1b[Ktemplate argument 1 is invalid\n'}
[7.601707] (Lab1) StderrLine: {'line': b'   44 |     rclcpp::Subscription<seonsor_msgs::msg::Image\x1b[01;31m\x1b[K>\x1b[m\x1b[K::SharedPtr image_subscriber_;\n'}
[7.601897] (Lab1) StderrLine: {'line': b'      |                                                  \x1b[01;31m\x1b[K^\x1b[m\x1b[K\n'}
[7.602117] (Lab1) StderrLine: {'line': b'\x1b[01m\x1b[K/home/student/ros2_ws/src/robo1/Lab1/src/lab.cpp:44:50:\x1b[m\x1b[K \x1b[01;31m\x1b[Kerror: \x1b[m\x1b[Ktemplate argument 3 is invalid\n'}
[7.602344] (Lab1) StderrLine: {'line': b'\x1b[01m\x1b[K/home/student/ros2_ws/src/robo1/Lab1/src/lab.cpp:44:50:\x1b[m\x1b[K \x1b[01;31m\x1b[Kerror: \x1b[m\x1b[Ktemplate argument 4 is invalid\n'}
[7.602553] (Lab1) StderrLine: {'line': b'\x1b[01m\x1b[K/home/student/ros2_ws/src/robo1/Lab1/src/lab.cpp:44:50:\x1b[m\x1b[K \x1b[01;31m\x1b[Kerror: \x1b[m\x1b[Ktemplate argument 5 is invalid\n'}
[7.602827] (Lab1) StderrLine: {'line': b'\x1b[01m\x1b[K/home/student/ros2_ws/src/robo1/Lab1/src/lab.cpp:44:53:\x1b[m\x1b[K \x1b[01;31m\x1b[Kerror: \x1b[m\x1b[Kexpected \xe2\x80\x98\x1b[01m\x1b[K;\x1b[m\x1b[K\xe2\x80\x99 at end of member declaration\n'}
[7.603043] (Lab1) StderrLine: {'line': b'   44 |     rclcpp::Subscription<seonsor_msgs::msg::Image>::\x1b[01;31m\x1b[KSharedPtr\x1b[m\x1b[K image_subscriber_;\n'}
[7.603228] (Lab1) StderrLine: {'line': b'      |                                                     \x1b[01;31m\x1b[K^~~~~~~~~\x1b[m\x1b[K\n'}
[7.603412] (Lab1) StderrLine: {'line': b'      |                                                              \x1b[32m\x1b[K;\x1b[m\x1b[K\n'}
[7.611431] (Lab1) StderrLine: {'line': b'\x1b[01m\x1b[K/home/student/ros2_ws/src/robo1/Lab1/src/lab.cpp:44:63:\x1b[m\x1b[K \x1b[01;31m\x1b[Kerror: \x1b[m\x1b[K\xe2\x80\x98\x1b[01m\x1b[Kimage_subscriber_\x1b[m\x1b[K\xe2\x80\x99 does not name a type\n'}
[7.611734] (Lab1) StderrLine: {'line': b'   44 |     rclcpp::Subscription<seonsor_msgs::msg::Image>::SharedPtr \x1b[01;31m\x1b[Kimage_subscriber_\x1b[m\x1b[K;\n'}
[7.611914] (Lab1) StderrLine: {'line': b'      |                                                               \x1b[01;31m\x1b[K^~~~~~~~~~~~~~~~~\x1b[m\x1b[K\n'}
[7.620821] (Lab1) StderrLine: {'line': b'\x1b[01m\x1b[K/home/student/ros2_ws/src/robo1/Lab1/src/lab.cpp:45:23:\x1b[m\x1b[K \x1b[01;31m\x1b[Kerror: \x1b[m\x1b[K\xe2\x80\x98\x1b[01m\x1b[Kseonsor_msgs\x1b[m\x1b[K\xe2\x80\x99 was not declared in this scope; did you mean \xe2\x80\x98\x1b[01m\x1b[Ksensor_msgs\x1b[m\x1b[K\xe2\x80\x99?\n'}
[7.621145] (Lab1) StderrLine: {'line': b'   45 |     rclcpp::Publisher<\x1b[01;31m\x1b[Kseonsor_msgs\x1b[m\x1b[K::msg::Image>::SharedPtr image_publisher_;\n'}
[7.621348] (Lab1) StderrLine: {'line': b'      |                       \x1b[01;31m\x1b[K^~~~~~~~~~~~\x1b[m\x1b[K\n'}
[7.621580] (Lab1) StderrLine: {'line': b'      |                       \x1b[32m\x1b[Ksensor_msgs\x1b[m\x1b[K\n'}
[7.621822] (Lab1) StderrLine: {'line': b'\x1b[01m\x1b[K/home/student/ros2_ws/src/robo1/Lab1/src/lab.cpp:45:47:\x1b[m\x1b[K \x1b[01;31m\x1b[Kerror: \x1b[m\x1b[Ktemplate argument 1 is invalid\n'}
[7.622035] (Lab1) StderrLine: {'line': b'   45 |     rclcpp::Publisher<seonsor_msgs::msg::Image\x1b[01;31m\x1b[K>\x1b[m\x1b[K::SharedPtr image_publisher_;\n'}
[7.622237] (Lab1) StderrLine: {'line': b'      |                                               \x1b[01;31m\x1b[K^\x1b[m\x1b[K\n'}
[7.622526] (Lab1) StderrLine: {'line': b'\x1b[01m\x1b[K/home/student/ros2_ws/src/robo1/Lab1/src/lab.cpp:45:50:\x1b[m\x1b[K \x1b[01;31m\x1b[Kerror: \x1b[m\x1b[Kexpected \xe2\x80\x98\x1b[01m\x1b[K;\x1b[m\x1b[K\xe2\x80\x99 at end of member declaration\n'}
[7.622738] (Lab1) StderrLine: {'line': b'   45 |     rclcpp::Publisher<seonsor_msgs::msg::Image>::\x1b[01;31m\x1b[KSharedPtr\x1b[m\x1b[K image_publisher_;\n'}
[7.622934] (Lab1) StderrLine: {'line': b'      |                                                  \x1b[01;31m\x1b[K^~~~~~~~~\x1b[m\x1b[K\n'}
[7.623130] (Lab1) StderrLine: {'line': b'      |                                                           \x1b[32m\x1b[K;\x1b[m\x1b[K\n'}
[7.623366] (Lab1) StderrLine: {'line': b'\x1b[01m\x1b[K/home/student/ros2_ws/src/robo1/Lab1/src/lab.cpp:45:50:\x1b[m\x1b[K \x1b[01;31m\x1b[Kerror: \x1b[m\x1b[Kredeclaration of \xe2\x80\x98\x1b[01m\x1b[Kint ImageProcessor::SharedPtr\x1b[m\x1b[K\xe2\x80\x99\n'}
[7.623627] (Lab1) StderrLine: {'line': b'\x1b[01m\x1b[K/home/student/ros2_ws/src/robo1/Lab1/src/lab.cpp:44:53:\x1b[m\x1b[K \x1b[01;36m\x1b[Knote: \x1b[m\x1b[Kprevious declaration \xe2\x80\x98\x1b[01m\x1b[Kint ImageProcessor::SharedPtr\x1b[m\x1b[K\xe2\x80\x99\n'}
[7.623845] (Lab1) StderrLine: {'line': b'   44 |     rclcpp::Subscription<seonsor_msgs::msg::Image>::\x1b[01;36m\x1b[KSharedPtr\x1b[m\x1b[K image_subscriber_;\n'}
[7.624036] (Lab1) StderrLine: {'line': b'      |                                                     \x1b[01;36m\x1b[K^~~~~~~~~\x1b[m\x1b[K\n'}
[7.632071] (Lab1) StderrLine: {'line': b'\x1b[01m\x1b[K/home/student/ros2_ws/src/robo1/Lab1/src/lab.cpp:45:60:\x1b[m\x1b[K \x1b[01;31m\x1b[Kerror: \x1b[m\x1b[K\xe2\x80\x98\x1b[01m\x1b[Kimage_publisher_\x1b[m\x1b[K\xe2\x80\x99 does not name a type; did you mean \xe2\x80\x98\x1b[01m\x1b[Krmw_publisher_t\x1b[m\x1b[K\xe2\x80\x99?\n'}
[7.632441] (Lab1) StderrLine: {'line': b'   45 |     rclcpp::Publisher<seonsor_msgs::msg::Image>::SharedPtr \x1b[01;31m\x1b[Kimage_publisher_\x1b[m\x1b[K;\n'}
[7.632650] (Lab1) StderrLine: {'line': b'      |                                                            \x1b[01;31m\x1b[K^~~~~~~~~~~~~~~~\x1b[m\x1b[K\n'}
[7.632834] (Lab1) StderrLine: {'line': b'      |                                                            \x1b[32m\x1b[Krmw_publisher_t\x1b[m\x1b[K\n'}
[7.642202] (-) TimerEvent: {}
[7.658630] (Lab1) StderrLine: {'line': b'\x1b[01m\x1b[K/home/student/ros2_ws/src/robo1/Lab1/src/lab.cpp:\x1b[m\x1b[K In constructor \xe2\x80\x98\x1b[01m\x1b[KImageProcessor::ImageProcessor()\x1b[m\x1b[K\xe2\x80\x99:\n'}
[7.659257] (Lab1) StderrLine: {'line': b'\x1b[01m\x1b[K/home/student/ros2_ws/src/robo1/Lab1/src/lab.cpp:13:9:\x1b[m\x1b[K \x1b[01;31m\x1b[Kerror: \x1b[m\x1b[K\xe2\x80\x98\x1b[01m\x1b[Kimage_subscriber_\x1b[m\x1b[K\xe2\x80\x99 was not declared in this scope\n'}
[7.659507] (Lab1) StderrLine: {'line': b'   13 |         \x1b[01;31m\x1b[Kimage_subscriber_\x1b[m\x1b[K = this->create_subscription<sensor_msgs::msg::Image>("camera/image_raw", 10, std::bind(&ImageProcessor::imageCallback, this, std::placeholders::_1));\n'}
[7.659676] (Lab1) StderrLine: {'line': b'      |         \x1b[01;31m\x1b[K^~~~~~~~~~~~~~~~~\x1b[m\x1b[K\n'}
[7.742362] (-) TimerEvent: {}
[7.757501] (Lab1) StderrLine: {'line': b'\x1b[01m\x1b[K/home/student/ros2_ws/src/robo1/Lab1/src/lab.cpp:15:9:\x1b[m\x1b[K \x1b[01;31m\x1b[Kerror: \x1b[m\x1b[K\xe2\x80\x98\x1b[01m\x1b[Kimage_publisher_\x1b[m\x1b[K\xe2\x80\x99 was not declared in this scope; did you mean \xe2\x80\x98\x1b[01m\x1b[Kcreate_publisher\x1b[m\x1b[K\xe2\x80\x99?\n'}
[7.757869] (Lab1) StderrLine: {'line': b'   15 |         \x1b[01;31m\x1b[Kimage_publisher_\x1b[m\x1b[K = this->create_publisher<sensor_msgs::msg::Image>("camera/image_modified", 10);\n'}
[7.757997] (Lab1) StderrLine: {'line': b'      |         \x1b[01;31m\x1b[K^~~~~~~~~~~~~~~~\x1b[m\x1b[K\n'}
[7.758145] (Lab1) StderrLine: {'line': b'      |         \x1b[32m\x1b[Kcreate_publisher\x1b[m\x1b[K\n'}
[7.800642] (Lab1) StderrLine: {'line': b'\x1b[01m\x1b[K/home/student/ros2_ws/src/robo1/Lab1/src/lab.cpp:\x1b[m\x1b[K In member function \xe2\x80\x98\x1b[01m\x1b[Kvoid ImageProcessor::imageCallback(const ConstSharedPtr&)\x1b[m\x1b[K\xe2\x80\x99:\n'}
[7.801140] (Lab1) StderrLine: {'line': b'\x1b[01m\x1b[K/home/student/ros2_ws/src/robo1/Lab1/src/lab.cpp:41:9:\x1b[m\x1b[K \x1b[01;31m\x1b[Kerror: \x1b[m\x1b[K\xe2\x80\x98\x1b[01m\x1b[Kimage_publisher_\x1b[m\x1b[K\xe2\x80\x99 was not declared in this scope; did you mean \xe2\x80\x98\x1b[01m\x1b[Kcreate_publisher\x1b[m\x1b[K\xe2\x80\x99?\n'}
[7.801328] (Lab1) StderrLine: {'line': b'   41 |         \x1b[01;31m\x1b[Kimage_publisher_\x1b[m\x1b[K.publish(cv_ptr->toImageMsg());\n'}
[7.801615] (Lab1) StderrLine: {'line': b'      |         \x1b[01;31m\x1b[K^~~~~~~~~~~~~~~~\x1b[m\x1b[K\n'}
[7.801741] (Lab1) StderrLine: {'line': b'      |         \x1b[32m\x1b[Kcreate_publisher\x1b[m\x1b[K\n'}
[7.842510] (-) TimerEvent: {}
[7.943114] (-) TimerEvent: {}
[8.043715] (-) TimerEvent: {}
[8.144165] (-) TimerEvent: {}
[8.244648] (-) TimerEvent: {}
[8.345035] (-) TimerEvent: {}
[8.445468] (-) TimerEvent: {}
[8.545852] (-) TimerEvent: {}
[8.646351] (-) TimerEvent: {}
[8.747007] (-) TimerEvent: {}
[8.847501] (-) TimerEvent: {}
[8.948192] (-) TimerEvent: {}
[9.048798] (-) TimerEvent: {}
[9.149550] (-) TimerEvent: {}
[9.250327] (-) TimerEvent: {}
[9.351008] (-) TimerEvent: {}
[9.451464] (-) TimerEvent: {}
[9.551894] (-) TimerEvent: {}
[9.652516] (-) TimerEvent: {}
[9.755434] (-) TimerEvent: {}
[9.855843] (-) TimerEvent: {}
[9.956269] (-) TimerEvent: {}
[10.056753] (-) TimerEvent: {}
[10.157212] (-) TimerEvent: {}
[10.257700] (-) TimerEvent: {}
[10.358175] (-) TimerEvent: {}
[10.460517] (-) TimerEvent: {}
[10.560948] (-) TimerEvent: {}
[10.661520] (-) TimerEvent: {}
[10.761940] (-) TimerEvent: {}
[10.862344] (-) TimerEvent: {}
[10.962828] (-) TimerEvent: {}
[11.063251] (-) TimerEvent: {}
[11.163753] (-) TimerEvent: {}
[11.264182] (-) TimerEvent: {}
[11.364617] (-) TimerEvent: {}
[11.465137] (-) TimerEvent: {}
[11.565773] (-) TimerEvent: {}
[11.666279] (-) TimerEvent: {}
[11.766757] (-) TimerEvent: {}
[11.871348] (-) TimerEvent: {}
[11.972086] (-) TimerEvent: {}
[12.071015] (Lab1) StderrLine: {'line': b'gmake[2]: *** [CMakeFiles/image_processor.dir/build.make:76: CMakeFiles/image_processor.dir/src/lab.cpp.o] Error 1\n'}
[12.071455] (Lab1) StderrLine: {'line': b'gmake[1]: *** [CMakeFiles/Makefile2:137: CMakeFiles/image_processor.dir/all] Error 2\n'}
[12.071680] (Lab1) StderrLine: {'line': b'gmake: *** [Makefile:146: all] Error 2\n'}
[12.072144] (-) TimerEvent: {}
[12.075380] (Lab1) CommandEnded: {'returncode': 2}
[12.144694] (Lab1) JobEnded: {'identifier': 'Lab1', 'rc': 2}
[12.156626] (-) EventReactorShutdown: {}
