-- The C compiler identification is GNU 11.4.0
-- The CXX compiler identification is GNU 11.4.0
-- Detecting C compiler ABI info
-- Detecting C compiler ABI info - done
-- Check for working C compiler: /usr/bin/cc - skipped
-- Detecting C compile features
-- Detecting C compile features - done
-- Detecting CXX compiler ABI info
-- Detecting CXX compiler ABI info - done
-- Check for working CXX compiler: /usr/bin/c++ - skipped
-- Detecting CXX compile features
-- Detecting CXX compile features - done
-- Found ament_cmake: 1.3.9 (/opt/ros/humble/share/ament_cmake/cmake)
-- Found Python3: /usr/bin/python3 (found version "3.10.12") found components: Interpreter 
-- Found rclcpp: 16.0.9 (/opt/ros/humble/share/rclcpp/cmake)
-- Found rosidl_generator_c: 3.1.5 (/opt/ros/humble/share/rosidl_generator_c/cmake)
-- Found rosidl_adapter: 3.1.5 (/opt/ros/humble/share/rosidl_adapter/cmake)
-- Found rosidl_generator_cpp: 3.1.5 (/opt/ros/humble/share/rosidl_generator_cpp/cmake)
-- Using all available rosidl_typesupport_c: rosidl_typesupport_fastrtps_c;rosidl_typesupport_introspection_c
-- Using all available rosidl_typesupport_cpp: rosidl_typesupport_fastrtps_cpp;rosidl_typesupport_introspection_cpp
-- Found rmw_implementation_cmake: 6.1.2 (/opt/ros/humble/share/rmw_implementation_cmake/cmake)
-- Found rmw_fastrtps_cpp: 6.2.6 (/opt/ros/humble/share/rmw_fastrtps_cpp/cmake)
-- Found OpenSSL: /usr/lib/x86_64-linux-gnu/libcrypto.so (found version "3.0.2")  
-- Found FastRTPS: /opt/ros/humble/include  
-- Using RMW implementation 'rmw_fastrtps_cpp' as default
-- Looking for pthread.h
-- Looking for pthread.h - found
-- Performing Test CMAKE_HAVE_LIBC_PTHREAD
-- Performing Test CMAKE_HAVE_LIBC_PTHREAD - Success
-- Found Threads: TRUE  
-- Found sensor_msgs: 4.2.4 (/opt/ros/humble/share/sensor_msgs/cmake)
-- Found cv_bridge: 3.2.1 (/opt/ros/humble/share/cv_bridge/cmake)
-- Found image_transport: 3.1.9 (/opt/ros/humble/share/image_transport/cmake)
-- Found OpenCV: /usr (found version "4.5.4") 
WARNING: Package name "Lab1" does not follow the naming conventions. It should start with a lower case letter and only contain lower case letters, digits, underscores, and dashes.
-- Configuring done
-- Generating done
-- Build files have been written to: /home/student/ros2_ws/src/robo1/Lab1/build/Lab1
[ 50%] [32mBuilding CXX object CMakeFiles/image_processor.dir/src/lab.cpp.o[0m
[01m[K/home/student/ros2_ws/src/robo1/Lab1/src/lab.cpp:44:26:[m[K [01;31m[Kerror: [m[Kâ€˜[01m[Kseonsor_msgs[m[Kâ€™ was not declared in this scope; did you mean â€˜[01m[Ksensor_msgs[m[Kâ€™?
   44 |     rclcpp::Subscription<[01;31m[Kseonsor_msgs[m[K::msg::Image>::SharedPtr image_subscriber_;
      |                          [01;31m[K^~~~~~~~~~~~[m[K
      |                          [32m[Ksensor_msgs[m[K
[01m[K/home/student/ros2_ws/src/robo1/Lab1/src/lab.cpp:44:50:[m[K [01;31m[Kerror: [m[Ktemplate argument 1 is invalid
   44 |     rclcpp::Subscription<seonsor_msgs::msg::Image[01;31m[K>[m[K::SharedPtr image_subscriber_;
      |                                                  [01;31m[K^[m[K
[01m[K/home/student/ros2_ws/src/robo1/Lab1/src/lab.cpp:44:50:[m[K [01;31m[Kerror: [m[Ktemplate argument 3 is invalid
[01m[K/home/student/ros2_ws/src/robo1/Lab1/src/lab.cpp:44:50:[m[K [01;31m[Kerror: [m[Ktemplate argument 4 is invalid
[01m[K/home/student/ros2_ws/src/robo1/Lab1/src/lab.cpp:44:50:[m[K [01;31m[Kerror: [m[Ktemplate argument 5 is invalid
[01m[K/home/student/ros2_ws/src/robo1/Lab1/src/lab.cpp:44:53:[m[K [01;31m[Kerror: [m[Kexpected â€˜[01m[K;[m[Kâ€™ at end of member declaration
   44 |     rclcpp::Subscription<seonsor_msgs::msg::Image>::[01;31m[KSharedPtr[m[K image_subscriber_;
      |                                                     [01;31m[K^~~~~~~~~[m[K
      |                                                              [32m[K;[m[K
[01m[K/home/student/ros2_ws/src/robo1/Lab1/src/lab.cpp:44:63:[m[K [01;31m[Kerror: [m[Kâ€˜[01m[Kimage_subscriber_[m[Kâ€™ does not name a type
   44 |     rclcpp::Subscription<seonsor_msgs::msg::Image>::SharedPtr [01;31m[Kimage_subscriber_[m[K;
      |                                                               [01;31m[K^~~~~~~~~~~~~~~~~[m[K
[01m[K/home/student/ros2_ws/src/robo1/Lab1/src/lab.cpp:45:23:[m[K [01;31m[Kerror: [m[Kâ€˜[01m[Kseonsor_msgs[m[Kâ€™ was not declared in this scope; did you mean â€˜[01m[Ksensor_msgs[m[Kâ€™?
   45 |     rclcpp::Publisher<[01;31m[Kseonsor_msgs[m[K::msg::Image>::SharedPtr image_publisher_;
      |                       [01;31m[K^~~~~~~~~~~~[m[K
      |                       [32m[Ksensor_msgs[m[K
[01m[K/home/student/ros2_ws/src/robo1/Lab1/src/lab.cpp:45:47:[m[K [01;31m[Kerror: [m[Ktemplate argument 1 is invalid
   45 |     rclcpp::Publisher<seonsor_msgs::msg::Image[01;31m[K>[m[K::SharedPtr image_publisher_;
      |                                               [01;31m[K^[m[K
[01m[K/home/student/ros2_ws/src/robo1/Lab1/src/lab.cpp:45:50:[m[K [01;31m[Kerror: [m[Kexpected â€˜[01m[K;[m[Kâ€™ at end of member declaration
   45 |     rclcpp::Publisher<seonsor_msgs::msg::Image>::[01;31m[KSharedPtr[m[K image_publisher_;
      |                                                  [01;31m[K^~~~~~~~~[m[K
      |                                                           [32m[K;[m[K
[01m[K/home/student/ros2_ws/src/robo1/Lab1/src/lab.cpp:45:50:[m[K [01;31m[Kerror: [m[Kredeclaration of â€˜[01m[Kint ImageProcessor::SharedPtr[m[Kâ€™
[01m[K/home/student/ros2_ws/src/robo1/Lab1/src/lab.cpp:44:53:[m[K [01;36m[Knote: [m[Kprevious declaration â€˜[01m[Kint ImageProcessor::SharedPtr[m[Kâ€™
   44 |     rclcpp::Subscription<seonsor_msgs::msg::Image>::[01;36m[KSharedPtr[m[K image_subscriber_;
      |                                                     [01;36m[K^~~~~~~~~[m[K
[01m[K/home/student/ros2_ws/src/robo1/Lab1/src/lab.cpp:45:60:[m[K [01;31m[Kerror: [m[Kâ€˜[01m[Kimage_publisher_[m[Kâ€™ does not name a type; did you mean â€˜[01m[Krmw_publisher_t[m[Kâ€™?
   45 |     rclcpp::Publisher<seonsor_msgs::msg::Image>::SharedPtr [01;31m[Kimage_publisher_[m[K;
      |                                                            [01;31m[K^~~~~~~~~~~~~~~~[m[K
      |                                                            [32m[Krmw_publisher_t[m[K
[01m[K/home/student/ros2_ws/src/robo1/Lab1/src/lab.cpp:[m[K In constructor â€˜[01m[KImageProcessor::ImageProcessor()[m[Kâ€™:
[01m[K/home/student/ros2_ws/src/robo1/Lab1/src/lab.cpp:13:9:[m[K [01;31m[Kerror: [m[Kâ€˜[01m[Kimage_subscriber_[m[Kâ€™ was not declared in this scope
   13 |         [01;31m[Kimage_subscriber_[m[K = this->create_subscription<sensor_msgs::msg::Image>("camera/image_raw", 10, std::bind(&ImageProcessor::imageCallback, this, std::placeholders::_1));
      |         [01;31m[K^~~~~~~~~~~~~~~~~[m[K
[01m[K/home/student/ros2_ws/src/robo1/Lab1/src/lab.cpp:15:9:[m[K [01;31m[Kerror: [m[Kâ€˜[01m[Kimage_publisher_[m[Kâ€™ was not declared in this scope; did you mean â€˜[01m[Kcreate_publisher[m[Kâ€™?
   15 |         [01;31m[Kimage_publisher_[m[K = this->create_publisher<sensor_msgs::msg::Image>("camera/image_modified", 10);
      |         [01;31m[K^~~~~~~~~~~~~~~~[m[K
      |         [32m[Kcreate_publisher[m[K
[01m[K/home/student/ros2_ws/src/robo1/Lab1/src/lab.cpp:[m[K In member function â€˜[01m[Kvoid ImageProcessor::imageCallback(const ConstSharedPtr&)[m[Kâ€™:
[01m[K/home/student/ros2_ws/src/robo1/Lab1/src/lab.cpp:41:9:[m[K [01;31m[Kerror: [m[Kâ€˜[01m[Kimage_publisher_[m[Kâ€™ was not declared in this scope; did you mean â€˜[01m[Kcreate_publisher[m[Kâ€™?
   41 |         [01;31m[Kimage_publisher_[m[K.publish(cv_ptr->toImageMsg());
      |         [01;31m[K^~~~~~~~~~~~~~~~[m[K
      |         [32m[Kcreate_publisher[m[K
gmake[2]: *** [CMakeFiles/image_processor.dir/build.make:76: CMakeFiles/image_processor.dir/src/lab.cpp.o] Error 1
gmake[1]: *** [CMakeFiles/Makefile2:137: CMakeFiles/image_processor.dir/all] Error 2
gmake: *** [Makefile:146: all] Error 2
