[0.014s] Invoking command in '/home/student/ros2_ws/src/robo1/Lab1/build/Lab1': CMAKE_PREFIX_PATH=${CMAKE_PREFIX_PATH}:/home/student/ros2_ws/install/turtlebot3_teleop:/home/student/ros2_ws/install/turtlebot3_example:/opt/ros/humble /usr/bin/cmake /home/student/ros2_ws/src/robo1/Lab1 -DCMAKE_INSTALL_PREFIX=/home/student/ros2_ws/src/robo1/Lab1/install/Lab1
[0.114s] -- The C compiler identification is GNU 11.4.0
[0.222s] -- The CXX compiler identification is GNU 11.4.0
[0.237s] -- Detecting C compiler ABI info
[0.439s] -- Detecting C compiler ABI info - done
[0.452s] -- Check for working C compiler: /usr/bin/cc - skipped
[0.453s] -- Detecting C compile features
[0.454s] -- Detecting C compile features - done
[0.460s] -- Detecting CXX compiler ABI info
[0.607s] -- Detecting CXX compiler ABI info - done
[0.616s] -- Check for working CXX compiler: /usr/bin/c++ - skipped
[0.616s] -- Detecting CXX compile features
[0.617s] -- Detecting CXX compile features - done
[0.622s] -- Found ament_cmake: 1.3.9 (/opt/ros/humble/share/ament_cmake/cmake)
[0.885s] -- Found Python3: /usr/bin/python3 (found version "3.10.12") found components: Interpreter 
[1.054s] -- Found rclcpp: 16.0.9 (/opt/ros/humble/share/rclcpp/cmake)
[1.138s] -- Found rosidl_generator_c: 3.1.5 (/opt/ros/humble/share/rosidl_generator_c/cmake)
[1.148s] -- Found rosidl_adapter: 3.1.5 (/opt/ros/humble/share/rosidl_adapter/cmake)
[1.165s] -- Found rosidl_generator_cpp: 3.1.5 (/opt/ros/humble/share/rosidl_generator_cpp/cmake)
[1.186s] -- Using all available rosidl_typesupport_c: rosidl_typesupport_fastrtps_c;rosidl_typesupport_introspection_c
[1.223s] -- Using all available rosidl_typesupport_cpp: rosidl_typesupport_fastrtps_cpp;rosidl_typesupport_introspection_cpp
[1.355s] -- Found rmw_implementation_cmake: 6.1.2 (/opt/ros/humble/share/rmw_implementation_cmake/cmake)
[1.362s] -- Found rmw_fastrtps_cpp: 6.2.6 (/opt/ros/humble/share/rmw_fastrtps_cpp/cmake)
[1.528s] -- Found OpenSSL: /usr/lib/x86_64-linux-gnu/libcrypto.so (found version "3.0.2")  
[1.578s] -- Found FastRTPS: /opt/ros/humble/include  
[1.648s] -- Using RMW implementation 'rmw_fastrtps_cpp' as default
[1.669s] -- Looking for pthread.h
[1.799s] -- Looking for pthread.h - found
[1.800s] -- Performing Test CMAKE_HAVE_LIBC_PTHREAD
[1.917s] -- Performing Test CMAKE_HAVE_LIBC_PTHREAD - Success
[1.919s] -- Found Threads: TRUE  
[2.164s] -- Found sensor_msgs: 4.2.4 (/opt/ros/humble/share/sensor_msgs/cmake)
[2.375s] -- Found cv_bridge: 3.2.1 (/opt/ros/humble/share/cv_bridge/cmake)
[2.405s] -- Found image_transport: 3.1.9 (/opt/ros/humble/share/image_transport/cmake)
[2.499s] -- Found OpenCV: /usr (found version "4.5.4") 
[2.597s] WARNING: Package name "Lab1" does not follow the naming conventions. It should start with a lower case letter and only contain lower case letters, digits, underscores, and dashes.
[2.621s] -- Configuring done
[2.639s] -- Generating done
[2.643s] -- Build files have been written to: /home/student/ros2_ws/src/robo1/Lab1/build/Lab1
[2.663s] Invoked command in '/home/student/ros2_ws/src/robo1/Lab1/build/Lab1' returned '0': CMAKE_PREFIX_PATH=${CMAKE_PREFIX_PATH}:/home/student/ros2_ws/install/turtlebot3_teleop:/home/student/ros2_ws/install/turtlebot3_example:/opt/ros/humble /usr/bin/cmake /home/student/ros2_ws/src/robo1/Lab1 -DCMAKE_INSTALL_PREFIX=/home/student/ros2_ws/src/robo1/Lab1/install/Lab1
[2.670s] Invoking command in '/home/student/ros2_ws/src/robo1/Lab1/build/Lab1': CMAKE_PREFIX_PATH=${CMAKE_PREFIX_PATH}:/home/student/ros2_ws/install/turtlebot3_teleop:/home/student/ros2_ws/install/turtlebot3_example:/opt/ros/humble /usr/bin/cmake --build /home/student/ros2_ws/src/robo1/Lab1/build/Lab1 -- -j8 -l8
[2.750s] [ 50%] [32mBuilding CXX object CMakeFiles/image_processor.dir/src/lab.cpp.o[0m
[7.596s] [01m[K/home/student/ros2_ws/src/robo1/Lab1/src/lab.cpp:44:26:[m[K [01;31m[Kerror: [m[Kâ€˜[01m[Kseonsor_msgs[m[Kâ€™ was not declared in this scope; did you mean â€˜[01m[Ksensor_msgs[m[Kâ€™?
[7.597s]    44 |     rclcpp::Subscription<[01;31m[Kseonsor_msgs[m[K::msg::Image>::SharedPtr image_subscriber_;
[7.597s]       |                          [01;31m[K^~~~~~~~~~~~[m[K
[7.597s]       |                          [32m[Ksensor_msgs[m[K
[7.597s] [01m[K/home/student/ros2_ws/src/robo1/Lab1/src/lab.cpp:44:50:[m[K [01;31m[Kerror: [m[Ktemplate argument 1 is invalid
[7.598s]    44 |     rclcpp::Subscription<seonsor_msgs::msg::Image[01;31m[K>[m[K::SharedPtr image_subscriber_;
[7.598s]       |                                                  [01;31m[K^[m[K
[7.598s] [01m[K/home/student/ros2_ws/src/robo1/Lab1/src/lab.cpp:44:50:[m[K [01;31m[Kerror: [m[Ktemplate argument 3 is invalid
[7.598s] [01m[K/home/student/ros2_ws/src/robo1/Lab1/src/lab.cpp:44:50:[m[K [01;31m[Kerror: [m[Ktemplate argument 4 is invalid
[7.598s] [01m[K/home/student/ros2_ws/src/robo1/Lab1/src/lab.cpp:44:50:[m[K [01;31m[Kerror: [m[Ktemplate argument 5 is invalid
[7.599s] [01m[K/home/student/ros2_ws/src/robo1/Lab1/src/lab.cpp:44:53:[m[K [01;31m[Kerror: [m[Kexpected â€˜[01m[K;[m[Kâ€™ at end of member declaration
[7.599s]    44 |     rclcpp::Subscription<seonsor_msgs::msg::Image>::[01;31m[KSharedPtr[m[K image_subscriber_;
[7.599s]       |                                                     [01;31m[K^~~~~~~~~[m[K
[7.599s]       |                                                              [32m[K;[m[K
[7.607s] [01m[K/home/student/ros2_ws/src/robo1/Lab1/src/lab.cpp:44:63:[m[K [01;31m[Kerror: [m[Kâ€˜[01m[Kimage_subscriber_[m[Kâ€™ does not name a type
[7.608s]    44 |     rclcpp::Subscription<seonsor_msgs::msg::Image>::SharedPtr [01;31m[Kimage_subscriber_[m[K;
[7.608s]       |                                                               [01;31m[K^~~~~~~~~~~~~~~~~[m[K
[7.617s] [01m[K/home/student/ros2_ws/src/robo1/Lab1/src/lab.cpp:45:23:[m[K [01;31m[Kerror: [m[Kâ€˜[01m[Kseonsor_msgs[m[Kâ€™ was not declared in this scope; did you mean â€˜[01m[Ksensor_msgs[m[Kâ€™?
[7.617s]    45 |     rclcpp::Publisher<[01;31m[Kseonsor_msgs[m[K::msg::Image>::SharedPtr image_publisher_;
[7.617s]       |                       [01;31m[K^~~~~~~~~~~~[m[K
[7.618s]       |                       [32m[Ksensor_msgs[m[K
[7.618s] [01m[K/home/student/ros2_ws/src/robo1/Lab1/src/lab.cpp:45:47:[m[K [01;31m[Kerror: [m[Ktemplate argument 1 is invalid
[7.618s]    45 |     rclcpp::Publisher<seonsor_msgs::msg::Image[01;31m[K>[m[K::SharedPtr image_publisher_;
[7.618s]       |                                               [01;31m[K^[m[K
[7.618s] [01m[K/home/student/ros2_ws/src/robo1/Lab1/src/lab.cpp:45:50:[m[K [01;31m[Kerror: [m[Kexpected â€˜[01m[K;[m[Kâ€™ at end of member declaration
[7.619s]    45 |     rclcpp::Publisher<seonsor_msgs::msg::Image>::[01;31m[KSharedPtr[m[K image_publisher_;
[7.619s]       |                                                  [01;31m[K^~~~~~~~~[m[K
[7.619s]       |                                                           [32m[K;[m[K
[7.619s] [01m[K/home/student/ros2_ws/src/robo1/Lab1/src/lab.cpp:45:50:[m[K [01;31m[Kerror: [m[Kredeclaration of â€˜[01m[Kint ImageProcessor::SharedPtr[m[Kâ€™
[7.620s] [01m[K/home/student/ros2_ws/src/robo1/Lab1/src/lab.cpp:44:53:[m[K [01;36m[Knote: [m[Kprevious declaration â€˜[01m[Kint ImageProcessor::SharedPtr[m[Kâ€™
[7.620s]    44 |     rclcpp::Subscription<seonsor_msgs::msg::Image>::[01;36m[KSharedPtr[m[K image_subscriber_;
[7.620s]       |                                                     [01;36m[K^~~~~~~~~[m[K
[7.628s] [01m[K/home/student/ros2_ws/src/robo1/Lab1/src/lab.cpp:45:60:[m[K [01;31m[Kerror: [m[Kâ€˜[01m[Kimage_publisher_[m[Kâ€™ does not name a type; did you mean â€˜[01m[Krmw_publisher_t[m[Kâ€™?
[7.628s]    45 |     rclcpp::Publisher<seonsor_msgs::msg::Image>::SharedPtr [01;31m[Kimage_publisher_[m[K;
[7.629s]       |                                                            [01;31m[K^~~~~~~~~~~~~~~~[m[K
[7.629s]       |                                                            [32m[Krmw_publisher_t[m[K
[7.655s] [01m[K/home/student/ros2_ws/src/robo1/Lab1/src/lab.cpp:[m[K In constructor â€˜[01m[KImageProcessor::ImageProcessor()[m[Kâ€™:
[7.655s] [01m[K/home/student/ros2_ws/src/robo1/Lab1/src/lab.cpp:13:9:[m[K [01;31m[Kerror: [m[Kâ€˜[01m[Kimage_subscriber_[m[Kâ€™ was not declared in this scope
[7.655s]    13 |         [01;31m[Kimage_subscriber_[m[K = this->create_subscription<sensor_msgs::msg::Image>("camera/image_raw", 10, std::bind(&ImageProcessor::imageCallback, this, std::placeholders::_1));
[7.656s]       |         [01;31m[K^~~~~~~~~~~~~~~~~[m[K
[7.754s] [01m[K/home/student/ros2_ws/src/robo1/Lab1/src/lab.cpp:15:9:[m[K [01;31m[Kerror: [m[Kâ€˜[01m[Kimage_publisher_[m[Kâ€™ was not declared in this scope; did you mean â€˜[01m[Kcreate_publisher[m[Kâ€™?
[7.754s]    15 |         [01;31m[Kimage_publisher_[m[K = this->create_publisher<sensor_msgs::msg::Image>("camera/image_modified", 10);
[7.754s]       |         [01;31m[K^~~~~~~~~~~~~~~~[m[K
[7.754s]       |         [32m[Kcreate_publisher[m[K
[7.797s] [01m[K/home/student/ros2_ws/src/robo1/Lab1/src/lab.cpp:[m[K In member function â€˜[01m[Kvoid ImageProcessor::imageCallback(const ConstSharedPtr&)[m[Kâ€™:
[7.797s] [01m[K/home/student/ros2_ws/src/robo1/Lab1/src/lab.cpp:41:9:[m[K [01;31m[Kerror: [m[Kâ€˜[01m[Kimage_publisher_[m[Kâ€™ was not declared in this scope; did you mean â€˜[01m[Kcreate_publisher[m[Kâ€™?
[7.797s]    41 |         [01;31m[Kimage_publisher_[m[K.publish(cv_ptr->toImageMsg());
[7.798s]       |         [01;31m[K^~~~~~~~~~~~~~~~[m[K
[7.798s]       |         [32m[Kcreate_publisher[m[K
[12.067s] gmake[2]: *** [CMakeFiles/image_processor.dir/build.make:76: CMakeFiles/image_processor.dir/src/lab.cpp.o] Error 1
[12.067s] gmake[1]: *** [CMakeFiles/Makefile2:137: CMakeFiles/image_processor.dir/all] Error 2
[12.068s] gmake: *** [Makefile:146: all] Error 2
[12.072s] Invoked command in '/home/student/ros2_ws/src/robo1/Lab1/build/Lab1' returned '2': CMAKE_PREFIX_PATH=${CMAKE_PREFIX_PATH}:/home/student/ros2_ws/install/turtlebot3_teleop:/home/student/ros2_ws/install/turtlebot3_example:/opt/ros/humble /usr/bin/cmake --build /home/student/ros2_ws/src/robo1/Lab1/build/Lab1 -- -j8 -l8
